<?xml version="1.0" encoding="UTF-8"?>
<testsuite xmlns:xsi="http://www.w3.org/2001/XMLSchema-instance" xsi:noNamespaceSchemaLocation="https://maven.apache.org/surefire/maven-surefire-plugin/xsd/surefire-test-report-3.0.xsd" version="3.0" name="com.demo.config.ConfigServerDemo.ConfigServerDemoApplicationTests" time="2.533" tests="1" errors="0" skipped="0" failures="0">
  <properties>
    <property name="java.specification.version" value="17"/>
    <property name="sun.jnu.encoding" value="UTF-8"/>
    <property name="java.class.path" value="/Users/Shalini/Desktop/SynechronMSJul2024/ConfigServerDemo/target/test-classes:/Users/Shalini/Desktop/SynechronMSJul2024/ConfigServerDemo/target/classes:/Users/Shalini/.m2/repository/org/springframework/cloud/spring-cloud-config-server/4.1.3/spring-cloud-config-server-4.1.3.jar:/Users/Shalini/.m2/repository/org/springframework/cloud/spring-cloud-config-client/4.1.3/spring-cloud-config-client-4.1.3.jar:/Users/Shalini/.m2/repository/org/springframework/boot/spring-boot-autoconfigure/3.3.1/spring-boot-autoconfigure-3.3.1.jar:/Users/Shalini/.m2/repository/org/springframework/cloud/spring-cloud-commons/4.1.4/spring-cloud-commons-4.1.4.jar:/Users/Shalini/.m2/repository/org/springframework/cloud/spring-cloud-context/4.1.4/spring-cloud-context-4.1.4.jar:/Users/Shalini/.m2/repository/org/springframework/spring-web/6.1.10/spring-web-6.1.10.jar:/Users/Shalini/.m2/repository/org/springframework/spring-beans/6.1.10/spring-beans-6.1.10.jar:/Users/Shalini/.m2/repository/com/fasterxml/jackson/core/jackson-annotations/2.17.1/jackson-annotations-2.17.1.jar:/Users/Shalini/.m2/repository/com/fasterxml/jackson/core/jackson-databind/2.17.1/jackson-databind-2.17.1.jar:/Users/Shalini/.m2/repository/io/micrometer/micrometer-observation/1.13.1/micrometer-observation-1.13.1.jar:/Users/Shalini/.m2/repository/io/micrometer/micrometer-commons/1.13.1/micrometer-commons-1.13.1.jar:/Users/Shalini/.m2/repository/org/springframework/boot/spring-boot-starter-web/3.3.1/spring-boot-starter-web-3.3.1.jar:/Users/Shalini/.m2/repository/org/springframework/boot/spring-boot-starter-json/3.3.1/spring-boot-starter-json-3.3.1.jar:/Users/Shalini/.m2/repository/com/fasterxml/jackson/datatype/jackson-datatype-jdk8/2.17.1/jackson-datatype-jdk8-2.17.1.jar:/Users/Shalini/.m2/repository/com/fasterxml/jackson/datatype/jackson-datatype-jsr310/2.17.1/jackson-datatype-jsr310-2.17.1.jar:/Users/Shalini/.m2/repository/com/fasterxml/jackson/module/jackson-module-parameter-names/2.17.1/jackson-module-parameter-names-2.17.1.jar:/Users/Shalini/.m2/repository/org/springframework/boot/spring-boot-starter-tomcat/3.3.1/spring-boot-starter-tomcat-3.3.1.jar:/Users/Shalini/.m2/repository/org/apache/tomcat/embed/tomcat-embed-core/10.1.25/tomcat-embed-core-10.1.25.jar:/Users/Shalini/.m2/repository/org/apache/tomcat/embed/tomcat-embed-websocket/10.1.25/tomcat-embed-websocket-10.1.25.jar:/Users/Shalini/.m2/repository/org/springframework/spring-webmvc/6.1.10/spring-webmvc-6.1.10.jar:/Users/Shalini/.m2/repository/org/springframework/spring-aop/6.1.10/spring-aop-6.1.10.jar:/Users/Shalini/.m2/repository/org/springframework/spring-context/6.1.10/spring-context-6.1.10.jar:/Users/Shalini/.m2/repository/org/springframework/spring-expression/6.1.10/spring-expression-6.1.10.jar:/Users/Shalini/.m2/repository/org/springframework/boot/spring-boot-starter-validation/3.3.1/spring-boot-starter-validation-3.3.1.jar:/Users/Shalini/.m2/repository/org/apache/tomcat/embed/tomcat-embed-el/10.1.25/tomcat-embed-el-10.1.25.jar:/Users/Shalini/.m2/repository/org/hibernate/validator/hibernate-validator/8.0.1.Final/hibernate-validator-8.0.1.Final.jar:/Users/Shalini/.m2/repository/jakarta/validation/jakarta.validation-api/3.0.2/jakarta.validation-api-3.0.2.jar:/Users/Shalini/.m2/repository/org/jboss/logging/jboss-logging/3.5.3.Final/jboss-logging-3.5.3.Final.jar:/Users/Shalini/.m2/repository/com/fasterxml/classmate/1.7.0/classmate-1.7.0.jar:/Users/Shalini/.m2/repository/org/springframework/security/spring-security-crypto/6.3.1/spring-security-crypto-6.3.1.jar:/Users/Shalini/.m2/repository/org/springframework/security/spring-security-rsa/1.1.3/spring-security-rsa-1.1.3.jar:/Users/Shalini/.m2/repository/org/bouncycastle/bcprov-jdk18on/1.78/bcprov-jdk18on-1.78.jar:/Users/Shalini/.m2/repository/org/apache/httpcomponents/client5/httpclient5/5.3.1/httpclient5-5.3.1.jar:/Users/Shalini/.m2/repository/org/apache/httpcomponents/core5/httpcore5/5.2.4/httpcore5-5.2.4.jar:/Users/Shalini/.m2/repository/org/apache/httpcomponents/core5/httpcore5-h2/5.2.4/httpcore5-h2-5.2.4.jar:/Users/Shalini/.m2/repository/org/slf4j/slf4j-api/2.0.13/slf4j-api-2.0.13.jar:/Users/Shalini/.m2/repository/org/eclipse/jgit/org.eclipse.jgit/6.6.1.202309021850-r/org.eclipse.jgit-6.6.1.202309021850-r.jar:/Users/Shalini/.m2/repository/com/googlecode/javaewah/JavaEWAH/1.2.3/JavaEWAH-1.2.3.jar:/Users/Shalini/.m2/repository/org/eclipse/jgit/org.eclipse.jgit.http.apache/6.6.1.202309021850-r/org.eclipse.jgit.http.apache-6.6.1.202309021850-r.jar:/Users/Shalini/.m2/repository/org/apache/httpcomponents/httpclient/4.5.14/httpclient-4.5.14.jar:/Users/Shalini/.m2/repository/commons-logging/commons-logging/1.2/commons-logging-1.2.jar:/Users/Shalini/.m2/repository/commons-codec/commons-codec/1.16.1/commons-codec-1.16.1.jar:/Users/Shalini/.m2/repository/org/apache/httpcomponents/httpcore/4.4.16/httpcore-4.4.16.jar:/Users/Shalini/.m2/repository/org/eclipse/jgit/org.eclipse.jgit.ssh.apache/6.6.1.202309021850-r/org.eclipse.jgit.ssh.apache-6.6.1.202309021850-r.jar:/Users/Shalini/.m2/repository/org/apache/sshd/sshd-osgi/2.10.0/sshd-osgi-2.10.0.jar:/Users/Shalini/.m2/repository/org/slf4j/jcl-over-slf4j/2.0.13/jcl-over-slf4j-2.0.13.jar:/Users/Shalini/.m2/repository/org/apache/sshd/sshd-sftp/2.10.0/sshd-sftp-2.10.0.jar:/Users/Shalini/.m2/repository/net/i2p/crypto/eddsa/0.3.0/eddsa-0.3.0.jar:/Users/Shalini/.m2/repository/org/yaml/snakeyaml/2.2/snakeyaml-2.2.jar:/Users/Shalini/.m2/repository/com/fasterxml/jackson/dataformat/jackson-dataformat-yaml/2.17.1/jackson-dataformat-yaml-2.17.1.jar:/Users/Shalini/.m2/repository/com/fasterxml/jackson/core/jackson-core/2.17.1/jackson-core-2.17.1.jar:/Users/Shalini/.m2/repository/org/springframework/cloud/spring-cloud-config-monitor/4.1.2/spring-cloud-config-monitor-4.1.2.jar:/Users/Shalini/.m2/repository/org/springframework/cloud/spring-cloud-bus/4.1.2/spring-cloud-bus-4.1.2.jar:/Users/Shalini/.m2/repository/org/springframework/cloud/spring-cloud-starter/4.1.4/spring-cloud-starter-4.1.4.jar:/Users/Shalini/.m2/repository/org/springframework/integration/spring-integration-core/6.3.1/spring-integration-core-6.3.1.jar:/Users/Shalini/.m2/repository/org/springframework/spring-messaging/6.1.10/spring-messaging-6.1.10.jar:/Users/Shalini/.m2/repository/org/springframework/spring-tx/6.1.10/spring-tx-6.1.10.jar:/Users/Shalini/.m2/repository/org/springframework/retry/spring-retry/2.0.6/spring-retry-2.0.6.jar:/Users/Shalini/.m2/repository/io/projectreactor/reactor-core/3.6.7/reactor-core-3.6.7.jar:/Users/Shalini/.m2/repository/org/reactivestreams/reactive-streams/1.0.4/reactive-streams-1.0.4.jar:/Users/Shalini/.m2/repository/org/springframework/cloud/spring-cloud-starter-stream-rabbit/4.1.2/spring-cloud-starter-stream-rabbit-4.1.2.jar:/Users/Shalini/.m2/repository/org/springframework/cloud/spring-cloud-stream-binder-rabbit/4.1.3/spring-cloud-stream-binder-rabbit-4.1.3.jar:/Users/Shalini/.m2/repository/org/springframework/cloud/spring-cloud-stream-binder-rabbit-core/4.1.3/spring-cloud-stream-binder-rabbit-core-4.1.3.jar:/Users/Shalini/.m2/repository/org/springframework/boot/spring-boot-starter-webflux/3.3.1/spring-boot-starter-webflux-3.3.1.jar:/Users/Shalini/.m2/repository/org/springframework/boot/spring-boot-starter-reactor-netty/3.3.1/spring-boot-starter-reactor-netty-3.3.1.jar:/Users/Shalini/.m2/repository/org/springframework/spring-webflux/6.1.10/spring-webflux-6.1.10.jar:/Users/Shalini/.m2/repository/io/projectreactor/netty/reactor-netty/1.1.20/reactor-netty-1.1.20.jar:/Users/Shalini/.m2/repository/io/projectreactor/netty/reactor-netty-core/1.1.20/reactor-netty-core-1.1.20.jar:/Users/Shalini/.m2/repository/io/netty/netty-handler/4.1.111.Final/netty-handler-4.1.111.Final.jar:/Users/Shalini/.m2/repository/io/netty/netty-common/4.1.111.Final/netty-common-4.1.111.Final.jar:/Users/Shalini/.m2/repository/io/netty/netty-resolver/4.1.111.Final/netty-resolver-4.1.111.Final.jar:/Users/Shalini/.m2/repository/io/netty/netty-buffer/4.1.111.Final/netty-buffer-4.1.111.Final.jar:/Users/Shalini/.m2/repository/io/netty/netty-transport/4.1.111.Final/netty-transport-4.1.111.Final.jar:/Users/Shalini/.m2/repository/io/netty/netty-transport-native-unix-common/4.1.111.Final/netty-transport-native-unix-common-4.1.111.Final.jar:/Users/Shalini/.m2/repository/io/netty/netty-codec/4.1.111.Final/netty-codec-4.1.111.Final.jar:/Users/Shalini/.m2/repository/io/netty/netty-handler-proxy/4.1.111.Final/netty-handler-proxy-4.1.111.Final.jar:/Users/Shalini/.m2/repository/io/netty/netty-codec-socks/4.1.111.Final/netty-codec-socks-4.1.111.Final.jar:/Users/Shalini/.m2/repository/io/netty/netty-resolver-dns/4.1.111.Final/netty-resolver-dns-4.1.111.Final.jar:/Users/Shalini/.m2/repository/io/netty/netty-codec-dns/4.1.111.Final/netty-codec-dns-4.1.111.Final.jar:/Users/Shalini/.m2/repository/io/netty/netty-resolver-dns-native-macos/4.1.111.Final/netty-resolver-dns-native-macos-4.1.111.Final-osx-x86_64.jar:/Users/Shalini/.m2/repository/io/netty/netty-resolver-dns-classes-macos/4.1.111.Final/netty-resolver-dns-classes-macos-4.1.111.Final.jar:/Users/Shalini/.m2/repository/io/netty/netty-transport-native-epoll/4.1.111.Final/netty-transport-native-epoll-4.1.111.Final-linux-x86_64.jar:/Users/Shalini/.m2/repository/io/netty/netty-transport-classes-epoll/4.1.111.Final/netty-transport-classes-epoll-4.1.111.Final.jar:/Users/Shalini/.m2/repository/io/projectreactor/netty/reactor-netty-http/1.1.20/reactor-netty-http-1.1.20.jar:/Users/Shalini/.m2/repository/io/netty/netty-codec-http/4.1.111.Final/netty-codec-http-4.1.111.Final.jar:/Users/Shalini/.m2/repository/io/netty/netty-codec-http2/4.1.111.Final/netty-codec-http2-4.1.111.Final.jar:/Users/Shalini/.m2/repository/io/projectreactor/netty/incubator/reactor-netty-incubator-quic/0.1.20/reactor-netty-incubator-quic-0.1.20.jar:/Users/Shalini/.m2/repository/io/netty/incubator/netty-incubator-codec-native-quic/0.0.63.Final/netty-incubator-codec-native-quic-0.0.63.Final-linux-x86_64.jar:/Users/Shalini/.m2/repository/io/netty/incubator/netty-incubator-codec-classes-quic/0.0.63.Final/netty-incubator-codec-classes-quic-0.0.63.Final.jar:/Users/Shalini/.m2/repository/org/springframework/cloud/spring-cloud-stream/4.1.3/spring-cloud-stream-4.1.3.jar:/Users/Shalini/.m2/repository/org/springframework/cloud/spring-cloud-function-context/4.1.3/spring-cloud-function-context-4.1.3.jar:/Users/Shalini/.m2/repository/net/jodah/typetools/0.6.2/typetools-0.6.2.jar:/Users/Shalini/.m2/repository/org/springframework/cloud/spring-cloud-function-core/4.1.3/spring-cloud-function-core-4.1.3.jar:/Users/Shalini/.m2/repository/org/json/json/20240303/json-20240303.jar:/Users/Shalini/.m2/repository/org/jetbrains/kotlin/kotlin-stdlib-jdk8/1.9.24/kotlin-stdlib-jdk8-1.9.24.jar:/Users/Shalini/.m2/repository/org/jetbrains/kotlin/kotlin-stdlib/1.9.24/kotlin-stdlib-1.9.24.jar:/Users/Shalini/.m2/repository/org/jetbrains/annotations/13.0/annotations-13.0.jar:/Users/Shalini/.m2/repository/org/jetbrains/kotlin/kotlin-stdlib-jdk7/1.9.24/kotlin-stdlib-jdk7-1.9.24.jar:/Users/Shalini/.m2/repository/org/springframework/boot/spring-boot-starter-amqp/3.3.1/spring-boot-starter-amqp-3.3.1.jar:/Users/Shalini/.m2/repository/org/springframework/amqp/spring-rabbit/3.1.6/spring-rabbit-3.1.6.jar:/Users/Shalini/.m2/repository/org/springframework/amqp/spring-amqp/3.1.6/spring-amqp-3.1.6.jar:/Users/Shalini/.m2/repository/com/rabbitmq/amqp-client/5.21.0/amqp-client-5.21.0.jar:/Users/Shalini/.m2/repository/org/springframework/integration/spring-integration-amqp/6.3.1/spring-integration-amqp-6.3.1.jar:/Users/Shalini/.m2/repository/org/springframework/integration/spring-integration-jmx/6.3.1/spring-integration-jmx-6.3.1.jar:/Users/Shalini/.m2/repository/org/springframework/boot/spring-boot-starter-test/3.3.1/spring-boot-starter-test-3.3.1.jar:/Users/Shalini/.m2/repository/org/springframework/boot/spring-boot-starter/3.3.1/spring-boot-starter-3.3.1.jar:/Users/Shalini/.m2/repository/org/springframework/boot/spring-boot/3.3.1/spring-boot-3.3.1.jar:/Users/Shalini/.m2/repository/org/springframework/boot/spring-boot-starter-logging/3.3.1/spring-boot-starter-logging-3.3.1.jar:/Users/Shalini/.m2/repository/ch/qos/logback/logback-classic/1.5.6/logback-classic-1.5.6.jar:/Users/Shalini/.m2/repository/ch/qos/logback/logback-core/1.5.6/logback-core-1.5.6.jar:/Users/Shalini/.m2/repository/org/apache/logging/log4j/log4j-to-slf4j/2.23.1/log4j-to-slf4j-2.23.1.jar:/Users/Shalini/.m2/repository/org/apache/logging/log4j/log4j-api/2.23.1/log4j-api-2.23.1.jar:/Users/Shalini/.m2/repository/org/slf4j/jul-to-slf4j/2.0.13/jul-to-slf4j-2.0.13.jar:/Users/Shalini/.m2/repository/jakarta/annotation/jakarta.annotation-api/2.1.1/jakarta.annotation-api-2.1.1.jar:/Users/Shalini/.m2/repository/org/springframework/boot/spring-boot-test/3.3.1/spring-boot-test-3.3.1.jar:/Users/Shalini/.m2/repository/org/springframework/boot/spring-boot-test-autoconfigure/3.3.1/spring-boot-test-autoconfigure-3.3.1.jar:/Users/Shalini/.m2/repository/com/jayway/jsonpath/json-path/2.9.0/json-path-2.9.0.jar:/Users/Shalini/.m2/repository/jakarta/xml/bind/jakarta.xml.bind-api/4.0.2/jakarta.xml.bind-api-4.0.2.jar:/Users/Shalini/.m2/repository/jakarta/activation/jakarta.activation-api/2.1.3/jakarta.activation-api-2.1.3.jar:/Users/Shalini/.m2/repository/net/minidev/json-smart/2.5.1/json-smart-2.5.1.jar:/Users/Shalini/.m2/repository/net/minidev/accessors-smart/2.5.1/accessors-smart-2.5.1.jar:/Users/Shalini/.m2/repository/org/ow2/asm/asm/9.6/asm-9.6.jar:/Users/Shalini/.m2/repository/org/assertj/assertj-core/3.25.3/assertj-core-3.25.3.jar:/Users/Shalini/.m2/repository/net/bytebuddy/byte-buddy/1.14.17/byte-buddy-1.14.17.jar:/Users/Shalini/.m2/repository/org/awaitility/awaitility/4.2.1/awaitility-4.2.1.jar:/Users/Shalini/.m2/repository/org/hamcrest/hamcrest/2.2/hamcrest-2.2.jar:/Users/Shalini/.m2/repository/org/junit/jupiter/junit-jupiter/5.10.2/junit-jupiter-5.10.2.jar:/Users/Shalini/.m2/repository/org/junit/jupiter/junit-jupiter-api/5.10.2/junit-jupiter-api-5.10.2.jar:/Users/Shalini/.m2/repository/org/opentest4j/opentest4j/1.3.0/opentest4j-1.3.0.jar:/Users/Shalini/.m2/repository/org/junit/platform/junit-platform-commons/1.10.2/junit-platform-commons-1.10.2.jar:/Users/Shalini/.m2/repository/org/apiguardian/apiguardian-api/1.1.2/apiguardian-api-1.1.2.jar:/Users/Shalini/.m2/repository/org/junit/jupiter/junit-jupiter-params/5.10.2/junit-jupiter-params-5.10.2.jar:/Users/Shalini/.m2/repository/org/junit/jupiter/junit-jupiter-engine/5.10.2/junit-jupiter-engine-5.10.2.jar:/Users/Shalini/.m2/repository/org/junit/platform/junit-platform-engine/1.10.2/junit-platform-engine-1.10.2.jar:/Users/Shalini/.m2/repository/org/mockito/mockito-core/5.11.0/mockito-core-5.11.0.jar:/Users/Shalini/.m2/repository/net/bytebuddy/byte-buddy-agent/1.14.17/byte-buddy-agent-1.14.17.jar:/Users/Shalini/.m2/repository/org/objenesis/objenesis/3.3/objenesis-3.3.jar:/Users/Shalini/.m2/repository/org/mockito/mockito-junit-jupiter/5.11.0/mockito-junit-jupiter-5.11.0.jar:/Users/Shalini/.m2/repository/org/skyscreamer/jsonassert/1.5.1/jsonassert-1.5.1.jar:/Users/Shalini/.m2/repository/com/vaadin/external/google/android-json/0.0.20131108.vaadin1/android-json-0.0.20131108.vaadin1.jar:/Users/Shalini/.m2/repository/org/springframework/spring-core/6.1.10/spring-core-6.1.10.jar:/Users/Shalini/.m2/repository/org/springframework/spring-jcl/6.1.10/spring-jcl-6.1.10.jar:/Users/Shalini/.m2/repository/org/springframework/spring-test/6.1.10/spring-test-6.1.10.jar:/Users/Shalini/.m2/repository/org/xmlunit/xmlunit-core/2.9.1/xmlunit-core-2.9.1.jar:"/>
    <property name="java.vm.vendor" value="Oracle Corporation"/>
    <property name="sun.arch.data.model" value="64"/>
    <property name="java.vendor.url" value="https://java.oracle.com/"/>
    <property name="user.timezone" value="Asia/Kolkata"/>
    <property name="org.jboss.logging.provider" value="slf4j"/>
    <property name="os.name" value="Mac OS X"/>
    <property name="java.vm.specification.version" value="17"/>
    <property name="sun.java.launcher" value="SUN_STANDARD"/>
    <property name="user.country" value="IN"/>
    <property name="sun.boot.library.path" value="/Library/Java/JavaVirtualMachines/jdk-17.jdk/Contents/Home/lib"/>
    <property name="sun.java.command" value="/Users/Shalini/Desktop/SynechronMSJul2024/ConfigServerDemo/target/surefire/surefirebooter-20240717183534457_3.jar /Users/Shalini/Desktop/SynechronMSJul2024/ConfigServerDemo/target/surefire 2024-07-17T18-35-34_407-jvmRun1 surefire-20240717183534457_1tmp surefire_0-20240717183534457_2tmp"/>
    <property name="http.nonProxyHosts" value="local|*.local|169.254/16|*.169.254/16"/>
    <property name="jdk.debug" value="release"/>
    <property name="surefire.test.class.path" value="/Users/Shalini/Desktop/SynechronMSJul2024/ConfigServerDemo/target/test-classes:/Users/Shalini/Desktop/SynechronMSJul2024/ConfigServerDemo/target/classes:/Users/Shalini/.m2/repository/org/springframework/cloud/spring-cloud-config-server/4.1.3/spring-cloud-config-server-4.1.3.jar:/Users/Shalini/.m2/repository/org/springframework/cloud/spring-cloud-config-client/4.1.3/spring-cloud-config-client-4.1.3.jar:/Users/Shalini/.m2/repository/org/springframework/boot/spring-boot-autoconfigure/3.3.1/spring-boot-autoconfigure-3.3.1.jar:/Users/Shalini/.m2/repository/org/springframework/cloud/spring-cloud-commons/4.1.4/spring-cloud-commons-4.1.4.jar:/Users/Shalini/.m2/repository/org/springframework/cloud/spring-cloud-context/4.1.4/spring-cloud-context-4.1.4.jar:/Users/Shalini/.m2/repository/org/springframework/spring-web/6.1.10/spring-web-6.1.10.jar:/Users/Shalini/.m2/repository/org/springframework/spring-beans/6.1.10/spring-beans-6.1.10.jar:/Users/Shalini/.m2/repository/com/fasterxml/jackson/core/jackson-annotations/2.17.1/jackson-annotations-2.17.1.jar:/Users/Shalini/.m2/repository/com/fasterxml/jackson/core/jackson-databind/2.17.1/jackson-databind-2.17.1.jar:/Users/Shalini/.m2/repository/io/micrometer/micrometer-observation/1.13.1/micrometer-observation-1.13.1.jar:/Users/Shalini/.m2/repository/io/micrometer/micrometer-commons/1.13.1/micrometer-commons-1.13.1.jar:/Users/Shalini/.m2/repository/org/springframework/boot/spring-boot-starter-web/3.3.1/spring-boot-starter-web-3.3.1.jar:/Users/Shalini/.m2/repository/org/springframework/boot/spring-boot-starter-json/3.3.1/spring-boot-starter-json-3.3.1.jar:/Users/Shalini/.m2/repository/com/fasterxml/jackson/datatype/jackson-datatype-jdk8/2.17.1/jackson-datatype-jdk8-2.17.1.jar:/Users/Shalini/.m2/repository/com/fasterxml/jackson/datatype/jackson-datatype-jsr310/2.17.1/jackson-datatype-jsr310-2.17.1.jar:/Users/Shalini/.m2/repository/com/fasterxml/jackson/module/jackson-module-parameter-names/2.17.1/jackson-module-parameter-names-2.17.1.jar:/Users/Shalini/.m2/repository/org/springframework/boot/spring-boot-starter-tomcat/3.3.1/spring-boot-starter-tomcat-3.3.1.jar:/Users/Shalini/.m2/repository/org/apache/tomcat/embed/tomcat-embed-core/10.1.25/tomcat-embed-core-10.1.25.jar:/Users/Shalini/.m2/repository/org/apache/tomcat/embed/tomcat-embed-websocket/10.1.25/tomcat-embed-websocket-10.1.25.jar:/Users/Shalini/.m2/repository/org/springframework/spring-webmvc/6.1.10/spring-webmvc-6.1.10.jar:/Users/Shalini/.m2/repository/org/springframework/spring-aop/6.1.10/spring-aop-6.1.10.jar:/Users/Shalini/.m2/repository/org/springframework/spring-context/6.1.10/spring-context-6.1.10.jar:/Users/Shalini/.m2/repository/org/springframework/spring-expression/6.1.10/spring-expression-6.1.10.jar:/Users/Shalini/.m2/repository/org/springframework/boot/spring-boot-starter-validation/3.3.1/spring-boot-starter-validation-3.3.1.jar:/Users/Shalini/.m2/repository/org/apache/tomcat/embed/tomcat-embed-el/10.1.25/tomcat-embed-el-10.1.25.jar:/Users/Shalini/.m2/repository/org/hibernate/validator/hibernate-validator/8.0.1.Final/hibernate-validator-8.0.1.Final.jar:/Users/Shalini/.m2/repository/jakarta/validation/jakarta.validation-api/3.0.2/jakarta.validation-api-3.0.2.jar:/Users/Shalini/.m2/repository/org/jboss/logging/jboss-logging/3.5.3.Final/jboss-logging-3.5.3.Final.jar:/Users/Shalini/.m2/repository/com/fasterxml/classmate/1.7.0/classmate-1.7.0.jar:/Users/Shalini/.m2/repository/org/springframework/security/spring-security-crypto/6.3.1/spring-security-crypto-6.3.1.jar:/Users/Shalini/.m2/repository/org/springframework/security/spring-security-rsa/1.1.3/spring-security-rsa-1.1.3.jar:/Users/Shalini/.m2/repository/org/bouncycastle/bcprov-jdk18on/1.78/bcprov-jdk18on-1.78.jar:/Users/Shalini/.m2/repository/org/apache/httpcomponents/client5/httpclient5/5.3.1/httpclient5-5.3.1.jar:/Users/Shalini/.m2/repository/org/apache/httpcomponents/core5/httpcore5/5.2.4/httpcore5-5.2.4.jar:/Users/Shalini/.m2/repository/org/apache/httpcomponents/core5/httpcore5-h2/5.2.4/httpcore5-h2-5.2.4.jar:/Users/Shalini/.m2/repository/org/slf4j/slf4j-api/2.0.13/slf4j-api-2.0.13.jar:/Users/Shalini/.m2/repository/org/eclipse/jgit/org.eclipse.jgit/6.6.1.202309021850-r/org.eclipse.jgit-6.6.1.202309021850-r.jar:/Users/Shalini/.m2/repository/com/googlecode/javaewah/JavaEWAH/1.2.3/JavaEWAH-1.2.3.jar:/Users/Shalini/.m2/repository/org/eclipse/jgit/org.eclipse.jgit.http.apache/6.6.1.202309021850-r/org.eclipse.jgit.http.apache-6.6.1.202309021850-r.jar:/Users/Shalini/.m2/repository/org/apache/httpcomponents/httpclient/4.5.14/httpclient-4.5.14.jar:/Users/Shalini/.m2/repository/commons-logging/commons-logging/1.2/commons-logging-1.2.jar:/Users/Shalini/.m2/repository/commons-codec/commons-codec/1.16.1/commons-codec-1.16.1.jar:/Users/Shalini/.m2/repository/org/apache/httpcomponents/httpcore/4.4.16/httpcore-4.4.16.jar:/Users/Shalini/.m2/repository/org/eclipse/jgit/org.eclipse.jgit.ssh.apache/6.6.1.202309021850-r/org.eclipse.jgit.ssh.apache-6.6.1.202309021850-r.jar:/Users/Shalini/.m2/repository/org/apache/sshd/sshd-osgi/2.10.0/sshd-osgi-2.10.0.jar:/Users/Shalini/.m2/repository/org/slf4j/jcl-over-slf4j/2.0.13/jcl-over-slf4j-2.0.13.jar:/Users/Shalini/.m2/repository/org/apache/sshd/sshd-sftp/2.10.0/sshd-sftp-2.10.0.jar:/Users/Shalini/.m2/repository/net/i2p/crypto/eddsa/0.3.0/eddsa-0.3.0.jar:/Users/Shalini/.m2/repository/org/yaml/snakeyaml/2.2/snakeyaml-2.2.jar:/Users/Shalini/.m2/repository/com/fasterxml/jackson/dataformat/jackson-dataformat-yaml/2.17.1/jackson-dataformat-yaml-2.17.1.jar:/Users/Shalini/.m2/repository/com/fasterxml/jackson/core/jackson-core/2.17.1/jackson-core-2.17.1.jar:/Users/Shalini/.m2/repository/org/springframework/cloud/spring-cloud-config-monitor/4.1.2/spring-cloud-config-monitor-4.1.2.jar:/Users/Shalini/.m2/repository/org/springframework/cloud/spring-cloud-bus/4.1.2/spring-cloud-bus-4.1.2.jar:/Users/Shalini/.m2/repository/org/springframework/cloud/spring-cloud-starter/4.1.4/spring-cloud-starter-4.1.4.jar:/Users/Shalini/.m2/repository/org/springframework/integration/spring-integration-core/6.3.1/spring-integration-core-6.3.1.jar:/Users/Shalini/.m2/repository/org/springframework/spring-messaging/6.1.10/spring-messaging-6.1.10.jar:/Users/Shalini/.m2/repository/org/springframework/spring-tx/6.1.10/spring-tx-6.1.10.jar:/Users/Shalini/.m2/repository/org/springframework/retry/spring-retry/2.0.6/spring-retry-2.0.6.jar:/Users/Shalini/.m2/repository/io/projectreactor/reactor-core/3.6.7/reactor-core-3.6.7.jar:/Users/Shalini/.m2/repository/org/reactivestreams/reactive-streams/1.0.4/reactive-streams-1.0.4.jar:/Users/Shalini/.m2/repository/org/springframework/cloud/spring-cloud-starter-stream-rabbit/4.1.2/spring-cloud-starter-stream-rabbit-4.1.2.jar:/Users/Shalini/.m2/repository/org/springframework/cloud/spring-cloud-stream-binder-rabbit/4.1.3/spring-cloud-stream-binder-rabbit-4.1.3.jar:/Users/Shalini/.m2/repository/org/springframework/cloud/spring-cloud-stream-binder-rabbit-core/4.1.3/spring-cloud-stream-binder-rabbit-core-4.1.3.jar:/Users/Shalini/.m2/repository/org/springframework/boot/spring-boot-starter-webflux/3.3.1/spring-boot-starter-webflux-3.3.1.jar:/Users/Shalini/.m2/repository/org/springframework/boot/spring-boot-starter-reactor-netty/3.3.1/spring-boot-starter-reactor-netty-3.3.1.jar:/Users/Shalini/.m2/repository/org/springframework/spring-webflux/6.1.10/spring-webflux-6.1.10.jar:/Users/Shalini/.m2/repository/io/projectreactor/netty/reactor-netty/1.1.20/reactor-netty-1.1.20.jar:/Users/Shalini/.m2/repository/io/projectreactor/netty/reactor-netty-core/1.1.20/reactor-netty-core-1.1.20.jar:/Users/Shalini/.m2/repository/io/netty/netty-handler/4.1.111.Final/netty-handler-4.1.111.Final.jar:/Users/Shalini/.m2/repository/io/netty/netty-common/4.1.111.Final/netty-common-4.1.111.Final.jar:/Users/Shalini/.m2/repository/io/netty/netty-resolver/4.1.111.Final/netty-resolver-4.1.111.Final.jar:/Users/Shalini/.m2/repository/io/netty/netty-buffer/4.1.111.Final/netty-buffer-4.1.111.Final.jar:/Users/Shalini/.m2/repository/io/netty/netty-transport/4.1.111.Final/netty-transport-4.1.111.Final.jar:/Users/Shalini/.m2/repository/io/netty/netty-transport-native-unix-common/4.1.111.Final/netty-transport-native-unix-common-4.1.111.Final.jar:/Users/Shalini/.m2/repository/io/netty/netty-codec/4.1.111.Final/netty-codec-4.1.111.Final.jar:/Users/Shalini/.m2/repository/io/netty/netty-handler-proxy/4.1.111.Final/netty-handler-proxy-4.1.111.Final.jar:/Users/Shalini/.m2/repository/io/netty/netty-codec-socks/4.1.111.Final/netty-codec-socks-4.1.111.Final.jar:/Users/Shalini/.m2/repository/io/netty/netty-resolver-dns/4.1.111.Final/netty-resolver-dns-4.1.111.Final.jar:/Users/Shalini/.m2/repository/io/netty/netty-codec-dns/4.1.111.Final/netty-codec-dns-4.1.111.Final.jar:/Users/Shalini/.m2/repository/io/netty/netty-resolver-dns-native-macos/4.1.111.Final/netty-resolver-dns-native-macos-4.1.111.Final-osx-x86_64.jar:/Users/Shalini/.m2/repository/io/netty/netty-resolver-dns-classes-macos/4.1.111.Final/netty-resolver-dns-classes-macos-4.1.111.Final.jar:/Users/Shalini/.m2/repository/io/netty/netty-transport-native-epoll/4.1.111.Final/netty-transport-native-epoll-4.1.111.Final-linux-x86_64.jar:/Users/Shalini/.m2/repository/io/netty/netty-transport-classes-epoll/4.1.111.Final/netty-transport-classes-epoll-4.1.111.Final.jar:/Users/Shalini/.m2/repository/io/projectreactor/netty/reactor-netty-http/1.1.20/reactor-netty-http-1.1.20.jar:/Users/Shalini/.m2/repository/io/netty/netty-codec-http/4.1.111.Final/netty-codec-http-4.1.111.Final.jar:/Users/Shalini/.m2/repository/io/netty/netty-codec-http2/4.1.111.Final/netty-codec-http2-4.1.111.Final.jar:/Users/Shalini/.m2/repository/io/projectreactor/netty/incubator/reactor-netty-incubator-quic/0.1.20/reactor-netty-incubator-quic-0.1.20.jar:/Users/Shalini/.m2/repository/io/netty/incubator/netty-incubator-codec-native-quic/0.0.63.Final/netty-incubator-codec-native-quic-0.0.63.Final-linux-x86_64.jar:/Users/Shalini/.m2/repository/io/netty/incubator/netty-incubator-codec-classes-quic/0.0.63.Final/netty-incubator-codec-classes-quic-0.0.63.Final.jar:/Users/Shalini/.m2/repository/org/springframework/cloud/spring-cloud-stream/4.1.3/spring-cloud-stream-4.1.3.jar:/Users/Shalini/.m2/repository/org/springframework/cloud/spring-cloud-function-context/4.1.3/spring-cloud-function-context-4.1.3.jar:/Users/Shalini/.m2/repository/net/jodah/typetools/0.6.2/typetools-0.6.2.jar:/Users/Shalini/.m2/repository/org/springframework/cloud/spring-cloud-function-core/4.1.3/spring-cloud-function-core-4.1.3.jar:/Users/Shalini/.m2/repository/org/json/json/20240303/json-20240303.jar:/Users/Shalini/.m2/repository/org/jetbrains/kotlin/kotlin-stdlib-jdk8/1.9.24/kotlin-stdlib-jdk8-1.9.24.jar:/Users/Shalini/.m2/repository/org/jetbrains/kotlin/kotlin-stdlib/1.9.24/kotlin-stdlib-1.9.24.jar:/Users/Shalini/.m2/repository/org/jetbrains/annotations/13.0/annotations-13.0.jar:/Users/Shalini/.m2/repository/org/jetbrains/kotlin/kotlin-stdlib-jdk7/1.9.24/kotlin-stdlib-jdk7-1.9.24.jar:/Users/Shalini/.m2/repository/org/springframework/boot/spring-boot-starter-amqp/3.3.1/spring-boot-starter-amqp-3.3.1.jar:/Users/Shalini/.m2/repository/org/springframework/amqp/spring-rabbit/3.1.6/spring-rabbit-3.1.6.jar:/Users/Shalini/.m2/repository/org/springframework/amqp/spring-amqp/3.1.6/spring-amqp-3.1.6.jar:/Users/Shalini/.m2/repository/com/rabbitmq/amqp-client/5.21.0/amqp-client-5.21.0.jar:/Users/Shalini/.m2/repository/org/springframework/integration/spring-integration-amqp/6.3.1/spring-integration-amqp-6.3.1.jar:/Users/Shalini/.m2/repository/org/springframework/integration/spring-integration-jmx/6.3.1/spring-integration-jmx-6.3.1.jar:/Users/Shalini/.m2/repository/org/springframework/boot/spring-boot-starter-test/3.3.1/spring-boot-starter-test-3.3.1.jar:/Users/Shalini/.m2/repository/org/springframework/boot/spring-boot-starter/3.3.1/spring-boot-starter-3.3.1.jar:/Users/Shalini/.m2/repository/org/springframework/boot/spring-boot/3.3.1/spring-boot-3.3.1.jar:/Users/Shalini/.m2/repository/org/springframework/boot/spring-boot-starter-logging/3.3.1/spring-boot-starter-logging-3.3.1.jar:/Users/Shalini/.m2/repository/ch/qos/logback/logback-classic/1.5.6/logback-classic-1.5.6.jar:/Users/Shalini/.m2/repository/ch/qos/logback/logback-core/1.5.6/logback-core-1.5.6.jar:/Users/Shalini/.m2/repository/org/apache/logging/log4j/log4j-to-slf4j/2.23.1/log4j-to-slf4j-2.23.1.jar:/Users/Shalini/.m2/repository/org/apache/logging/log4j/log4j-api/2.23.1/log4j-api-2.23.1.jar:/Users/Shalini/.m2/repository/org/slf4j/jul-to-slf4j/2.0.13/jul-to-slf4j-2.0.13.jar:/Users/Shalini/.m2/repository/jakarta/annotation/jakarta.annotation-api/2.1.1/jakarta.annotation-api-2.1.1.jar:/Users/Shalini/.m2/repository/org/springframework/boot/spring-boot-test/3.3.1/spring-boot-test-3.3.1.jar:/Users/Shalini/.m2/repository/org/springframework/boot/spring-boot-test-autoconfigure/3.3.1/spring-boot-test-autoconfigure-3.3.1.jar:/Users/Shalini/.m2/repository/com/jayway/jsonpath/json-path/2.9.0/json-path-2.9.0.jar:/Users/Shalini/.m2/repository/jakarta/xml/bind/jakarta.xml.bind-api/4.0.2/jakarta.xml.bind-api-4.0.2.jar:/Users/Shalini/.m2/repository/jakarta/activation/jakarta.activation-api/2.1.3/jakarta.activation-api-2.1.3.jar:/Users/Shalini/.m2/repository/net/minidev/json-smart/2.5.1/json-smart-2.5.1.jar:/Users/Shalini/.m2/repository/net/minidev/accessors-smart/2.5.1/accessors-smart-2.5.1.jar:/Users/Shalini/.m2/repository/org/ow2/asm/asm/9.6/asm-9.6.jar:/Users/Shalini/.m2/repository/org/assertj/assertj-core/3.25.3/assertj-core-3.25.3.jar:/Users/Shalini/.m2/repository/net/bytebuddy/byte-buddy/1.14.17/byte-buddy-1.14.17.jar:/Users/Shalini/.m2/repository/org/awaitility/awaitility/4.2.1/awaitility-4.2.1.jar:/Users/Shalini/.m2/repository/org/hamcrest/hamcrest/2.2/hamcrest-2.2.jar:/Users/Shalini/.m2/repository/org/junit/jupiter/junit-jupiter/5.10.2/junit-jupiter-5.10.2.jar:/Users/Shalini/.m2/repository/org/junit/jupiter/junit-jupiter-api/5.10.2/junit-jupiter-api-5.10.2.jar:/Users/Shalini/.m2/repository/org/opentest4j/opentest4j/1.3.0/opentest4j-1.3.0.jar:/Users/Shalini/.m2/repository/org/junit/platform/junit-platform-commons/1.10.2/junit-platform-commons-1.10.2.jar:/Users/Shalini/.m2/repository/org/apiguardian/apiguardian-api/1.1.2/apiguardian-api-1.1.2.jar:/Users/Shalini/.m2/repository/org/junit/jupiter/junit-jupiter-params/5.10.2/junit-jupiter-params-5.10.2.jar:/Users/Shalini/.m2/repository/org/junit/jupiter/junit-jupiter-engine/5.10.2/junit-jupiter-engine-5.10.2.jar:/Users/Shalini/.m2/repository/org/junit/platform/junit-platform-engine/1.10.2/junit-platform-engine-1.10.2.jar:/Users/Shalini/.m2/repository/org/mockito/mockito-core/5.11.0/mockito-core-5.11.0.jar:/Users/Shalini/.m2/repository/net/bytebuddy/byte-buddy-agent/1.14.17/byte-buddy-agent-1.14.17.jar:/Users/Shalini/.m2/repository/org/objenesis/objenesis/3.3/objenesis-3.3.jar:/Users/Shalini/.m2/repository/org/mockito/mockito-junit-jupiter/5.11.0/mockito-junit-jupiter-5.11.0.jar:/Users/Shalini/.m2/repository/org/skyscreamer/jsonassert/1.5.1/jsonassert-1.5.1.jar:/Users/Shalini/.m2/repository/com/vaadin/external/google/android-json/0.0.20131108.vaadin1/android-json-0.0.20131108.vaadin1.jar:/Users/Shalini/.m2/repository/org/springframework/spring-core/6.1.10/spring-core-6.1.10.jar:/Users/Shalini/.m2/repository/org/springframework/spring-jcl/6.1.10/spring-jcl-6.1.10.jar:/Users/Shalini/.m2/repository/org/springframework/spring-test/6.1.10/spring-test-6.1.10.jar:/Users/Shalini/.m2/repository/org/xmlunit/xmlunit-core/2.9.1/xmlunit-core-2.9.1.jar:"/>
    <property name="sun.cpu.endian" value="little"/>
    <property name="user.home" value="/Users/Shalini"/>
    <property name="user.language" value="en"/>
    <property name="java.specification.vendor" value="Oracle Corporation"/>
    <property name="java.version.date" value="2023-07-18"/>
    <property name="java.home" value="/Library/Java/JavaVirtualMachines/jdk-17.jdk/Contents/Home"/>
    <property name="file.separator" value="/"/>
    <property name="basedir" value="/Users/Shalini/Desktop/SynechronMSJul2024/ConfigServerDemo"/>
    <property name="java.vm.compressedOopsMode" value="Zero based"/>
    <property name="line.separator" value="&#10;"/>
    <property name="java.vm.specification.vendor" value="Oracle Corporation"/>
    <property name="java.specification.name" value="Java Platform API Specification"/>
    <property name="FILE_LOG_CHARSET" value="US-ASCII"/>
    <property name="java.awt.headless" value="true"/>
    <property name="surefire.real.class.path" value="/Users/Shalini/Desktop/SynechronMSJul2024/ConfigServerDemo/target/surefire/surefirebooter-20240717183534457_3.jar"/>
    <property name="sun.management.compiler" value="HotSpot 64-Bit Tiered Compilers"/>
    <property name="ftp.nonProxyHosts" value="local|*.local|169.254/16|*.169.254/16"/>
    <property name="java.runtime.version" value="17.0.8+9-LTS-211"/>
    <property name="user.name" value="Shalini"/>
    <property name="path.separator" value=":"/>
    <property name="os.version" value="13.0.1"/>
    <property name="java.runtime.name" value="Java(TM) SE Runtime Environment"/>
    <property name="file.encoding" value="US-ASCII"/>
    <property name="java.vm.name" value="Java HotSpot(TM) 64-Bit Server VM"/>
    <property name="localRepository" value="/Users/Shalini/.m2/repository"/>
    <property name="java.vendor.url.bug" value="https://bugreport.java.com/bugreport/"/>
    <property name="java.io.tmpdir" value="/var/folders/58/q09ltn7x0zq9pj5ryj5jbbyw0000gp/T/"/>
    <property name="idea.version" value="2023.2"/>
    <property name="java.version" value="17.0.8"/>
    <property name="user.dir" value="/Users/Shalini/Desktop/SynechronMSJul2024/ConfigServerDemo"/>
    <property name="os.arch" value="aarch64"/>
    <property name="java.vm.specification.name" value="Java Virtual Machine Specification"/>
    <property name="PID" value="17828"/>
    <property name="CONSOLE_LOG_CHARSET" value="US-ASCII"/>
    <property name="native.encoding" value="US-ASCII"/>
    <property name="java.library.path" value="/Users/Shalini/Library/Java/Extensions:/Library/Java/Extensions:/Network/Library/Java/Extensions:/System/Library/Java/Extensions:/usr/lib/java:."/>
    <property name="java.vm.info" value="mixed mode, sharing"/>
    <property name="java.vendor" value="Oracle Corporation"/>
    <property name="java.vm.version" value="17.0.8+9-LTS-211"/>
    <property name="spring.cloud.function.rsocket.enabled" value="false"/>
    <property name="sun.io.unicode.encoding" value="UnicodeBig"/>
    <property name="socksNonProxyHosts" value="local|*.local|169.254/16|*.169.254/16"/>
    <property name="java.class.version" value="61.0"/>
    <property name="LOGGED_APPLICATION_NAME" value="[ConfigServerDemo] "/>
  </properties>
  <testcase name="contextLoads" classname="com.demo.config.ConfigServerDemo.ConfigServerDemoApplicationTests" time="0.459">
    <system-out><![CDATA[18:35:34.938 [main] INFO org.springframework.test.context.support.AnnotationConfigContextLoaderUtils -- Could not detect default configuration classes for test class [com.demo.config.ConfigServerDemo.ConfigServerDemoApplicationTests]: ConfigServerDemoApplicationTests does not declare any static, non-private, non-final, nested classes annotated with @Configuration.
18:35:34.989 [main] INFO org.springframework.boot.test.context.SpringBootTestContextBootstrapper -- Found @SpringBootConfiguration com.demo.config.ConfigServerDemo.ConfigServerDemoApplication for test class com.demo.config.ConfigServerDemo.ConfigServerDemoApplicationTests

  .   ____          _            __ _ _
 /\\ / ___'_ __ _ _(_)_ __  __ _ \ \ \ \
( ( )\___ | '_ | '_| | '_ \/ _` | \ \ \ \
 \\/  ___)| |_)| | | | | || (_| |  ) ) ) )
  '  |____| .__|_| |_|_| |_\__, | / / / /
 =========|_|==============|___/=/_/_/_/

 :: Spring Boot ::                (v3.3.1)

2024-07-17T18:35:35.232+05:30  WARN 17828 --- [ConfigServerDemo] [           main] ory$DuplicateJsonObjectContextCustomizer : 

Found multiple occurrences of org.json.JSONObject on the class path:

	jar:file:/Users/Shalini/.m2/repository/org/json/json/20240303/json-20240303.jar!/org/json/JSONObject.class
	jar:file:/Users/Shalini/.m2/repository/com/vaadin/external/google/android-json/0.0.20131108.vaadin1/android-json-0.0.20131108.vaadin1.jar!/org/json/JSONObject.class

You may wish to exclude one of them to ensure predictable runtime behavior

2024-07-17T18:35:35.259+05:30  INFO 17828 --- [ConfigServerDemo] [           main] c.d.c.C.ConfigServerDemoApplicationTests : Starting ConfigServerDemoApplicationTests using Java 17.0.8 with PID 17828 (started by Shalini in /Users/Shalini/Desktop/SynechronMSJul2024/ConfigServerDemo)
2024-07-17T18:35:35.259+05:30  INFO 17828 --- [ConfigServerDemo] [           main] c.d.c.C.ConfigServerDemoApplicationTests : No active profile set, falling back to 1 default profile: "default"
2024-07-17T18:35:35.769+05:30  INFO 17828 --- [ConfigServerDemo] [           main] faultConfiguringBeanFactoryPostProcessor : No bean named 'errorChannel' has been explicitly defined. Therefore, a default PublishSubscribeChannel will be created.
2024-07-17T18:35:35.775+05:30  INFO 17828 --- [ConfigServerDemo] [           main] faultConfiguringBeanFactoryPostProcessor : No bean named 'integrationHeaderChannelRegistry' has been explicitly defined. Therefore, a default DefaultHeaderChannelRegistry will be created.
2024-07-17T18:35:35.831+05:30  INFO 17828 --- [ConfigServerDemo] [           main] o.s.cloud.context.scope.GenericScope     : BeanFactory id=90405830-0314-3a9f-a9c9-ab14b99556b4
2024-07-17T18:35:36.670+05:30  INFO 17828 --- [ConfigServerDemo] [           main] o.s.c.s.m.DirectWithAttributesChannel    : Channel 'ConfigServerDemo.springCloudBusInput' has 1 subscriber(s).
2024-07-17T18:35:36.703+05:30  INFO 17828 --- [ConfigServerDemo] [           main] o.s.i.endpoint.EventDrivenConsumer       : Adding {logging-channel-adapter:_org.springframework.integration.errorLogger} as a subscriber to the 'errorChannel' channel
2024-07-17T18:35:36.703+05:30  INFO 17828 --- [ConfigServerDemo] [           main] o.s.i.channel.PublishSubscribeChannel    : Channel 'ConfigServerDemo.errorChannel' has 1 subscriber(s).
2024-07-17T18:35:36.703+05:30  INFO 17828 --- [ConfigServerDemo] [           main] o.s.i.endpoint.EventDrivenConsumer       : started bean '_org.springframework.integration.errorLogger'
2024-07-17T18:35:36.732+05:30  INFO 17828 --- [ConfigServerDemo] [           main] o.s.c.c.m.FileMonitorConfiguration       : Not monitoring for local config changes
2024-07-17T18:35:36.733+05:30  INFO 17828 --- [ConfigServerDemo] [           main] o.s.c.s.binder.DefaultBinderFactory      : Creating binder: rabbit
2024-07-17T18:35:36.733+05:30  INFO 17828 --- [ConfigServerDemo] [           main] o.s.c.s.binder.DefaultBinderFactory      : Constructing binder child context for rabbit
2024-07-17T18:35:36.768+05:30  INFO 17828 --- [ConfigServerDemo] [           main] o.s.c.s.binder.DefaultBinderFactory      : Caching the binder: rabbit
2024-07-17T18:35:36.772+05:30  INFO 17828 --- [ConfigServerDemo] [           main] c.s.b.r.p.RabbitExchangeQueueProvisioner : declaring queue for inbound: springCloudBus.anonymous.20Sc_GcLQWmHmbbGph1Wgw, bound to: springCloudBus
2024-07-17T18:35:36.775+05:30  INFO 17828 --- [ConfigServerDemo] [           main] o.s.a.r.c.CachingConnectionFactory       : Attempting to connect to: [localhost:5672]
2024-07-17T18:35:36.842+05:30  INFO 17828 --- [ConfigServerDemo] [           main] o.s.a.r.c.CachingConnectionFactory       : Created new connection: rabbitConnectionFactory#46ea78f0:0/SimpleConnection@4d174189 [delegate=amqp://guest@127.0.0.1:5672/, localPort=58393]
2024-07-17T18:35:36.884+05:30  INFO 17828 --- [ConfigServerDemo] [           main] o.s.c.stream.binder.BinderErrorChannel   : Channel 'rabbit-1038753484.springCloudBusInput.errors' has 1 subscriber(s).
2024-07-17T18:35:36.885+05:30  INFO 17828 --- [ConfigServerDemo] [           main] o.s.c.stream.binder.BinderErrorChannel   : Channel 'rabbit-1038753484.springCloudBusInput.errors' has 2 subscriber(s).
2024-07-17T18:35:36.896+05:30  INFO 17828 --- [ConfigServerDemo] [           main] o.s.i.a.i.AmqpInboundChannelAdapter      : started bean 'inbound.springCloudBus.anonymous.20Sc_GcLQWmHmbbGph1Wgw'
2024-07-17T18:35:36.910+05:30  INFO 17828 --- [ConfigServerDemo] [           main] c.d.c.C.ConfigServerDemoApplicationTests : Started ConfigServerDemoApplicationTests in 1.83 seconds (process running for 2.412)
]]></system-out>
  </testcase>
</testsuite>